2020-12-20T05:18:03.142Z|info : amplify init core  
2020-12-20T05:19:01.067Z|info : amplify-provider-awscloudformation.amplify-service-permission-check.checkAmplifyServiceIAMPermission.amplifyClient.listApps([])
2020-12-20T05:19:01.632Z|info : amplify-provider-awscloudformation.amplify-service-manager.init.amplifyClient.createApp([{"name":"[***]board","environmentVariables":{"_LIVE_PACKAGE_UPDATES":"[{\"pkg\":\"@aws-amplify/cli\",\"type\":\"npm\",\"version\":\"latest\"}]"}}])
2020-12-20T05:19:04.172Z|info : amplify-provider-awscloudformation.amplify-service-manager.init.amplifyClient.getBackendEnvironment([{"appId":"[***]poaesv","environmentName":"[***]ev"}])
2020-12-20T05:19:04.502Z|error : amplify-provider-awscloudformation.amplify-service-manager.init.amplifyClient.getBackendEnvironment([{"appId":"[***]poaesv","environmentName":"[***]ev"}])
NotFoundException: BackendEnvironment dev does not exist.
2020-12-20T05:19:04.503Z|info : amplify-provider-awscloudformation.amplify-service-manager.init.amplifyClient.getBackendEnvironment([{"appId":"[***]poaesv","environmentName":"[***]ev","stackName":"[***]ify-[***]board-[***]ev-[***]01","deploymentArtifacts":"amplify-iotdashboard-dev-21901-deployment"}])
2020-12-20T05:19:37.261Z|info : amplify-provider-awscloudformation.attach-backend.storeCurrentCloudBackend.s3.uploadFile([{"Key":"[***]rent-[***]ud-[***]d.zip"}])
2020-12-20T05:19:37.268Z|info : amplify-provider-awscloudformation.aws-s3.uploadFile.s3.putObject([{"Key":"[***]rent-[***]ud-[***]d.zip","Bucket":"[***]ify-[***]board-[***]ev-[***]01-[***]ment"}])
2020-12-20T05:19:38.187Z|info : amplify-provider-awscloudformation.attach-backend.uploadFile.s3.uploadFile([{"Key":"[***]ify-[***]json"}])
2020-12-20T05:19:38.188Z|info : amplify-provider-awscloudformation.aws-s3.uploadFile.s3.putObject([{"Key":"[***]ify-[***]json","Bucket":"[***]ify-[***]board-[***]ev-[***]01-[***]ment"}])
2020-12-20T05:20:33.486Z|info : amplify status core  
2020-12-20T05:21:35.126Z|info : amplify push core  
2020-12-20T05:21:43.077Z|info : amplify-provider-awscloudformation.zip-util.downloadZip.s3.getFile([{"Key":"[***]rent-[***]ud-[***]d.zip"},null])
2020-12-20T05:21:43.081Z|info : amplify-provider-awscloudformation.aws-s3.s3.getFile([{"Key":"[***]rent-[***]ud-[***]d.zip","Bucket":"[***]ify-[***]board-[***]ev-[***]01-[***]ment"}])
2020-12-20T05:21:43.858Z|info : amplify-provider-awscloudformation.initialize-env.run.cfn.updateamplifyMetaFileWithStackOutputs([{"StackName":"[***]ify-[***]board-[***]ev-[***]01"}])
2020-12-20T05:21:44.647Z|info : amplify-provider-awscloudformation.aws-s3.s3.getFile([{"Key":"[***]ify-[***]json","Bucket":"[***]ify-[***]board-[***]ev-[***]01-[***]ment"}])
2020-12-20T05:22:10.542Z|info : amplify-provider-awscloudformation.push-resources.packageResources.s3.uploadFile([{"Key":"[***]ify-[***]lds/[***]nsors-[***]44337471-[***].zip"}])
2020-12-20T05:22:10.547Z|info : amplify-provider-awscloudformation.aws-s3.uploadFile.s3.putObject([{"Key":"[***]ify-[***]lds/[***]nsors-[***]44337471-[***].zip","Bucket":"[***]ify-[***]board-[***]ev-[***]01-[***]ment"}])
2020-12-20T05:22:10.555Z|info : amplify-provider-awscloudformation.push-resources.packageResources.s3.uploadFile([{"Key":"[***]ify-[***]lds/[***]nsor-[***]656d7263-[***].zip"}])
2020-12-20T05:22:10.556Z|info : amplify-provider-awscloudformation.aws-s3.uploadFile.s3.putObject([{"Key":"[***]ify-[***]lds/[***]nsor-[***]656d7263-[***].zip","Bucket":"[***]ify-[***]board-[***]ev-[***]01-[***]ment"}])
2020-12-20T05:22:10.576Z|info : amplify-provider-awscloudformation.push-resources.packageResources.s3.uploadFile([{"Key":"[***]ify-[***]lds/[***]orvalue-[***]345a6e43-[***].zip"}])
2020-12-20T05:22:10.576Z|info : amplify-provider-awscloudformation.aws-s3.uploadFile.s3.putObject([{"Key":"[***]ify-[***]lds/[***]orvalue-[***]345a6e43-[***].zip","Bucket":"[***]ify-[***]board-[***]ev-[***]01-[***]ment"}])
2020-12-20T05:22:12.407Z|info : amplify-provider-awscloudformation.upload-appsync-files.uploadAppSyncFiles.upload.s3Client.uploadFile([{"Key":"[***]mation-[***]e.json"}])
2020-12-20T05:22:12.407Z|info : amplify-provider-awscloudformation.aws-s3.uploadFile.s3.putObject([{"Key":"[***]ify-[***]ync-[***]es/[***]7b576d9c2f22f8a8/[***]mation-[***]e.json","Bucket":"[***]ify-[***]board-[***]ev-[***]01-[***]ment"}])
2020-12-20T05:22:12.408Z|info : amplify-provider-awscloudformation.upload-appsync-files.uploadAppSyncFiles.upload.s3Client.uploadFile([{"Key":"[***]s.json"}])
2020-12-20T05:22:12.409Z|info : amplify-provider-awscloudformation.aws-s3.uploadFile.s3.putObject([{"Key":"[***]ify-[***]ync-[***]es/[***]7b576d9c2f22f8a8/[***]s.json","Bucket":"[***]ify-[***]board-[***]ev-[***]01-[***]ment"}])
2020-12-20T05:22:12.410Z|info : amplify-provider-awscloudformation.upload-appsync-files.uploadAppSyncFiles.upload.s3Client.uploadFile([{"Key":"[***]nctions/[***]bdaDataSource.req.vtl"}])
2020-12-20T05:22:12.411Z|info : amplify-provider-awscloudformation.aws-s3.uploadFile.s3.putObject([{"Key":"[***]ify-[***]ync-[***]es/[***]7b576d9c2f22f8a8/[***]nctions/[***]bdaDataSource.req.vtl","Bucket":"[***]ify-[***]board-[***]ev-[***]01-[***]ment"}])
2020-12-20T05:22:12.412Z|info : amplify-provider-awscloudformation.upload-appsync-files.uploadAppSyncFiles.upload.s3Client.uploadFile([{"Key":"[***]nctions/[***]bdaDataSource.res.vtl"}])
2020-12-20T05:22:12.412Z|info : amplify-provider-awscloudformation.aws-s3.uploadFile.s3.putObject([{"Key":"[***]ify-[***]ync-[***]es/[***]7b576d9c2f22f8a8/[***]nctions/[***]bdaDataSource.res.vtl","Bucket":"[***]ify-[***]board-[***]ev-[***]01-[***]ment"}])
2020-12-20T05:22:12.414Z|info : amplify-provider-awscloudformation.upload-appsync-files.uploadAppSyncFiles.upload.s3Client.uploadFile([{"Key":"[***]nctions/[***]mbdaDataSource.req.vtl"}])
2020-12-20T05:22:12.414Z|info : amplify-provider-awscloudformation.aws-s3.uploadFile.s3.putObject([{"Key":"[***]ify-[***]ync-[***]es/[***]7b576d9c2f22f8a8/[***]nctions/[***]mbdaDataSource.req.vtl","Bucket":"[***]ify-[***]board-[***]ev-[***]01-[***]ment"}])
2020-12-20T05:22:12.416Z|info : amplify-provider-awscloudformation.upload-appsync-files.uploadAppSyncFiles.upload.s3Client.uploadFile([{"Key":"[***]nctions/[***]mbdaDataSource.res.vtl"}])
2020-12-20T05:22:12.416Z|info : amplify-provider-awscloudformation.aws-s3.uploadFile.s3.putObject([{"Key":"[***]ify-[***]ync-[***]es/[***]7b576d9c2f22f8a8/[***]nctions/[***]mbdaDataSource.res.vtl","Bucket":"[***]ify-[***]board-[***]ev-[***]01-[***]ment"}])
2020-12-20T05:22:12.417Z|info : amplify-provider-awscloudformation.upload-appsync-files.uploadAppSyncFiles.upload.s3Client.uploadFile([{"Key":"[***]vers/[***]rValue.req.vtl"}])
2020-12-20T05:22:12.418Z|info : amplify-provider-awscloudformation.aws-s3.uploadFile.s3.putObject([{"Key":"[***]ify-[***]ync-[***]es/[***]7b576d9c2f22f8a8/[***]vers/[***]rValue.req.vtl","Bucket":"[***]ify-[***]board-[***]ev-[***]01-[***]ment"}])
2020-12-20T05:22:12.419Z|info : amplify-provider-awscloudformation.upload-appsync-files.uploadAppSyncFiles.upload.s3Client.uploadFile([{"Key":"[***]vers/[***]rValue.res.vtl"}])
2020-12-20T05:22:12.419Z|info : amplify-provider-awscloudformation.aws-s3.uploadFile.s3.putObject([{"Key":"[***]ify-[***]ync-[***]es/[***]7b576d9c2f22f8a8/[***]vers/[***]rValue.res.vtl","Bucket":"[***]ify-[***]board-[***]ev-[***]01-[***]ment"}])
2020-12-20T05:22:12.420Z|info : amplify-provider-awscloudformation.upload-appsync-files.uploadAppSyncFiles.upload.s3Client.uploadFile([{"Key":"[***]vers/[***]rValue.req.vtl"}])
2020-12-20T05:22:12.421Z|info : amplify-provider-awscloudformation.aws-s3.uploadFile.s3.putObject([{"Key":"[***]ify-[***]ync-[***]es/[***]7b576d9c2f22f8a8/[***]vers/[***]rValue.req.vtl","Bucket":"[***]ify-[***]board-[***]ev-[***]01-[***]ment"}])
2020-12-20T05:22:12.422Z|info : amplify-provider-awscloudformation.upload-appsync-files.uploadAppSyncFiles.upload.s3Client.uploadFile([{"Key":"[***]vers/[***]rValue.res.vtl"}])
2020-12-20T05:22:12.422Z|info : amplify-provider-awscloudformation.aws-s3.uploadFile.s3.putObject([{"Key":"[***]ify-[***]ync-[***]es/[***]7b576d9c2f22f8a8/[***]vers/[***]rValue.res.vtl","Bucket":"[***]ify-[***]board-[***]ev-[***]01-[***]ment"}])
2020-12-20T05:22:12.423Z|info : amplify-provider-awscloudformation.upload-appsync-files.uploadAppSyncFiles.upload.s3Client.uploadFile([{"Key":"[***]vers/[***]rValue.req.vtl"}])
2020-12-20T05:22:12.424Z|info : amplify-provider-awscloudformation.aws-s3.uploadFile.s3.putObject([{"Key":"[***]ify-[***]ync-[***]es/[***]7b576d9c2f22f8a8/[***]vers/[***]rValue.req.vtl","Bucket":"[***]ify-[***]board-[***]ev-[***]01-[***]ment"}])
2020-12-20T05:22:12.425Z|info : amplify-provider-awscloudformation.upload-appsync-files.uploadAppSyncFiles.upload.s3Client.uploadFile([{"Key":"[***]vers/[***]rValue.res.vtl"}])
2020-12-20T05:22:12.425Z|info : amplify-provider-awscloudformation.aws-s3.uploadFile.s3.putObject([{"Key":"[***]ify-[***]ync-[***]es/[***]7b576d9c2f22f8a8/[***]vers/[***]rValue.res.vtl","Bucket":"[***]ify-[***]board-[***]ev-[***]01-[***]ment"}])
2020-12-20T05:22:12.426Z|info : amplify-provider-awscloudformation.upload-appsync-files.uploadAppSyncFiles.upload.s3Client.uploadFile([{"Key":"[***]vers/[***]or.req.vtl"}])
2020-12-20T05:22:12.427Z|info : amplify-provider-awscloudformation.aws-s3.uploadFile.s3.putObject([{"Key":"[***]ify-[***]ync-[***]es/[***]7b576d9c2f22f8a8/[***]vers/[***]or.req.vtl","Bucket":"[***]ify-[***]board-[***]ev-[***]01-[***]ment"}])
2020-12-20T05:22:12.428Z|info : amplify-provider-awscloudformation.upload-appsync-files.uploadAppSyncFiles.upload.s3Client.uploadFile([{"Key":"[***]vers/[***]or.res.vtl"}])
2020-12-20T05:22:12.428Z|info : amplify-provider-awscloudformation.aws-s3.uploadFile.s3.putObject([{"Key":"[***]ify-[***]ync-[***]es/[***]7b576d9c2f22f8a8/[***]vers/[***]or.res.vtl","Bucket":"[***]ify-[***]board-[***]ev-[***]01-[***]ment"}])
2020-12-20T05:22:12.430Z|info : amplify-provider-awscloudformation.upload-appsync-files.uploadAppSyncFiles.upload.s3Client.uploadFile([{"Key":"[***]vers/[***]alue.req.vtl"}])
2020-12-20T05:22:12.430Z|info : amplify-provider-awscloudformation.aws-s3.uploadFile.s3.putObject([{"Key":"[***]ify-[***]ync-[***]es/[***]7b576d9c2f22f8a8/[***]vers/[***]alue.req.vtl","Bucket":"[***]ify-[***]board-[***]ev-[***]01-[***]ment"}])
2020-12-20T05:22:12.431Z|info : amplify-provider-awscloudformation.upload-appsync-files.uploadAppSyncFiles.upload.s3Client.uploadFile([{"Key":"[***]vers/[***]alue.res.vtl"}])
2020-12-20T05:22:12.431Z|info : amplify-provider-awscloudformation.aws-s3.uploadFile.s3.putObject([{"Key":"[***]ify-[***]ync-[***]es/[***]7b576d9c2f22f8a8/[***]vers/[***]alue.res.vtl","Bucket":"[***]ify-[***]board-[***]ev-[***]01-[***]ment"}])
2020-12-20T05:22:12.432Z|info : amplify-provider-awscloudformation.upload-appsync-files.uploadAppSyncFiles.upload.s3Client.uploadFile([{"Key":"[***]vers/[***]rs.req.vtl"}])
2020-12-20T05:22:12.433Z|info : amplify-provider-awscloudformation.aws-s3.uploadFile.s3.putObject([{"Key":"[***]ify-[***]ync-[***]es/[***]7b576d9c2f22f8a8/[***]vers/[***]rs.req.vtl","Bucket":"[***]ify-[***]board-[***]ev-[***]01-[***]ment"}])
2020-12-20T05:22:12.434Z|info : amplify-provider-awscloudformation.upload-appsync-files.uploadAppSyncFiles.upload.s3Client.uploadFile([{"Key":"[***]vers/[***]rs.res.vtl"}])
2020-12-20T05:22:12.434Z|info : amplify-provider-awscloudformation.aws-s3.uploadFile.s3.putObject([{"Key":"[***]ify-[***]ync-[***]es/[***]7b576d9c2f22f8a8/[***]vers/[***]rs.res.vtl","Bucket":"[***]ify-[***]board-[***]ev-[***]01-[***]ment"}])
2020-12-20T05:22:12.437Z|info : amplify-provider-awscloudformation.upload-appsync-files.uploadAppSyncFiles.upload.s3Client.uploadFile([{"Key":"[***]vers/[***]lues.req.vtl"}])
2020-12-20T05:22:12.437Z|info : amplify-provider-awscloudformation.aws-s3.uploadFile.s3.putObject([{"Key":"[***]ify-[***]ync-[***]es/[***]7b576d9c2f22f8a8/[***]vers/[***]lues.req.vtl","Bucket":"[***]ify-[***]board-[***]ev-[***]01-[***]ment"}])
2020-12-20T05:22:12.438Z|info : amplify-provider-awscloudformation.upload-appsync-files.uploadAppSyncFiles.upload.s3Client.uploadFile([{"Key":"[***]vers/[***]lues.res.vtl"}])
2020-12-20T05:22:12.439Z|info : amplify-provider-awscloudformation.aws-s3.uploadFile.s3.putObject([{"Key":"[***]ify-[***]ync-[***]es/[***]7b576d9c2f22f8a8/[***]vers/[***]lues.res.vtl","Bucket":"[***]ify-[***]board-[***]ev-[***]01-[***]ment"}])
2020-12-20T05:22:12.440Z|info : amplify-provider-awscloudformation.upload-appsync-files.uploadAppSyncFiles.upload.s3Client.uploadFile([{"Key":"[***]raphql"}])
2020-12-20T05:22:12.440Z|info : amplify-provider-awscloudformation.aws-s3.uploadFile.s3.putObject([{"Key":"[***]ify-[***]ync-[***]es/[***]7b576d9c2f22f8a8/[***]raphql","Bucket":"[***]ify-[***]board-[***]ev-[***]01-[***]ment"}])
2020-12-20T05:22:12.441Z|info : amplify-provider-awscloudformation.upload-appsync-files.uploadAppSyncFiles.upload.s3Client.uploadFile([{"Key":"[***]cks/[***]ces.json"}])
2020-12-20T05:22:12.441Z|info : amplify-provider-awscloudformation.aws-s3.uploadFile.s3.putObject([{"Key":"[***]ify-[***]ync-[***]es/[***]7b576d9c2f22f8a8/[***]cks/[***]ces.json","Bucket":"[***]ify-[***]board-[***]ev-[***]01-[***]ment"}])
2020-12-20T05:22:12.443Z|info : amplify-provider-awscloudformation.upload-appsync-files.uploadAppSyncFiles.upload.s3Client.uploadFile([{"Key":"[***]cks/[***]eStack.json"}])
2020-12-20T05:22:12.443Z|info : amplify-provider-awscloudformation.aws-s3.uploadFile.s3.putObject([{"Key":"[***]ify-[***]ync-[***]es/[***]7b576d9c2f22f8a8/[***]cks/[***]eStack.json","Bucket":"[***]ify-[***]board-[***]ev-[***]01-[***]ment"}])
2020-12-20T05:22:12.445Z|info : amplify-provider-awscloudformation.upload-appsync-files.uploadAppSyncFiles.upload.s3Client.uploadFile([{"Key":"[***]cks/[***]ue.json"}])
2020-12-20T05:22:12.445Z|info : amplify-provider-awscloudformation.aws-s3.uploadFile.s3.putObject([{"Key":"[***]ify-[***]ync-[***]es/[***]7b576d9c2f22f8a8/[***]cks/[***]ue.json","Bucket":"[***]ify-[***]board-[***]ev-[***]01-[***]ment"}])
2020-12-20T05:22:36.362Z|info : amplify-provider-awscloudformation.aws-s3.uploadFile.s3.putObject([{"Key":"[***]ify-[***]fn-[***]ates/[***]th/[***]bce44907-[***]mation-[***]e.yml","Bucket":"[***]ify-[***]board-[***]ev-[***]01-[***]ment"}])
2020-12-20T05:22:36.365Z|info : amplify-provider-awscloudformation.aws-s3.uploadFile.s3.putObject([{"Key":"[***]ify-[***]fn-[***]ates/[***]pi/[***]mation-[***]e.json","Bucket":"[***]ify-[***]board-[***]ev-[***]01-[***]ment"}])
2020-12-20T05:22:36.366Z|info : amplify-provider-awscloudformation.aws-s3.uploadFile.s3.putObject([{"Key":"[***]ify-[***]fn-[***]ates/[***]tion/[***]nsors-[***]mation-[***]e.json","Bucket":"[***]ify-[***]board-[***]ev-[***]01-[***]ment"}])
2020-12-20T05:22:36.367Z|info : amplify-provider-awscloudformation.aws-s3.uploadFile.s3.putObject([{"Key":"[***]ify-[***]fn-[***]ates/[***]tion/[***]nsor-[***]mation-[***]e.json","Bucket":"[***]ify-[***]board-[***]ev-[***]01-[***]ment"}])
2020-12-20T05:22:36.369Z|info : amplify-provider-awscloudformation.aws-s3.uploadFile.s3.putObject([{"Key":"[***]ify-[***]fn-[***]ates/[***]tion/[***]orvalue-[***]mation-[***]e.json","Bucket":"[***]ify-[***]board-[***]ev-[***]01-[***]ment"}])
2020-12-20T05:22:36.371Z|info : amplify-provider-awscloudformation.aws-s3.uploadFile.s3.putObject([{"Key":"[***]ify-[***]fn-[***]ates/[***]ule/[***]e.json","Bucket":"[***]ify-[***]board-[***]ev-[***]01-[***]ment"}])
2020-12-20T05:22:36.372Z|info : amplify-provider-awscloudformation.aws-s3.uploadFile.s3.putObject([{"Key":"[***]ify-[***]fn-[***]ates/[***]ytics/[***]e.json","Bucket":"[***]ify-[***]board-[***]ev-[***]01-[***]ment"}])
2020-12-20T05:22:37.730Z|info : amplify-provider-awscloudformation.push-resources.updateCloudFormationNestedStack(["C:\\Users\\josel\\Documents\\aws-appsync-iot-core-realtime-dashboard\\web\\amplify\\backend\\awscloudformation","C:\\Users\\josel\\Documents\\aws-appsync-iot-core-realtime-dashboard\\web\\amplify\\backend\\awscloudformation\\nested-cloudformation-stack.yml"])
2020-12-20T05:22:37.739Z|info : amplify-provider-awscloudformation.aws-s3.uploadFile.s3.putObject([{"Key":"[***]ted-[***]mation-[***].yml","Bucket":"[***]ify-[***]board-[***]ev-[***]01-[***]ment"}])
2020-12-20T05:29:21.648Z|info : amplify-provider-awscloudformation.utility-functions.getIntrospectionSchema.appSyncModel.appSync.getIntrospectionSchema([{"apiId":"[***]slgvfyhtldi","format":"JSON"}])
2020-12-20T05:29:24.181Z|info : amplify-provider-awscloudformation.push-resources.storeCurrentcoudBackend.s3.uploadFile([{"Key":"[***]rent-[***]ud-[***]d.zip"}])
2020-12-20T05:29:24.182Z|info : amplify-provider-awscloudformation.aws-s3.uploadFile.s3.putObject([{"Key":"[***]rent-[***]ud-[***]d.zip","Bucket":"[***]ify-[***]board-[***]ev-[***]01-[***]ment"}])
2020-12-20T05:29:25.355Z|info : amplify-provider-awscloudformation.amplify-service-manager.s3.uploadFile([{"Key":"[***]ify-[***]json"}])
2020-12-20T05:29:25.355Z|info : amplify-provider-awscloudformation.aws-s3.uploadFile.s3.putObject([{"Key":"[***]ify-[***]json","Bucket":"[***]ify-[***]board-[***]ev-[***]01-[***]ment"}])
2020-12-20T05:29:26.172Z|info : amplify-provider-awscloudformation.amplify-service-manager.s3.uploadFile([{"Key":"[***]end-[***].json"}])
2020-12-20T05:29:26.173Z|info : amplify-provider-awscloudformation.aws-s3.uploadFile.s3.putObject([{"Key":"[***]end-[***].json","Bucket":"[***]ify-[***]board-[***]ev-[***]01-[***]ment"}])
2020-12-20T16:55:38.936Z|info : amplify status core  
2020-12-20T16:56:05.898Z|info : amplify push core  
2020-12-20T16:56:13.762Z|info : amplify-provider-awscloudformation.zip-util.downloadZip.s3.getFile([{"Key":"[***]rent-[***]ud-[***]d.zip"},null])
2020-12-20T16:56:13.767Z|info : amplify-provider-awscloudformation.aws-s3.s3.getFile([{"Key":"[***]rent-[***]ud-[***]d.zip","Bucket":"[***]ify-[***]board-[***]ev-[***]01-[***]ment"}])
2020-12-20T16:56:15.198Z|info : amplify-provider-awscloudformation.initialize-env.run.cfn.updateamplifyMetaFileWithStackOutputs([{"StackName":"[***]ify-[***]board-[***]ev-[***]01"}])
2020-12-20T16:56:16.947Z|info : amplify-provider-awscloudformation.aws-s3.s3.getFile([{"Key":"[***]ify-[***]json","Bucket":"[***]ify-[***]board-[***]ev-[***]01-[***]ment"}])
